# JRE version: OpenJDK Runtime Environment (8.0_151-b12) (build 1.8.0_151-8u151-b12-1~deb9u1-b12)
# Java VM: OpenJDK 64-Bit Server VM (25.151-b12 mixed mode linux-amd64 compressed oops)
Heap:
 PSYoungGen      total 1689600K, used 1679461K [0x0000000718b80000, 0x0000000780900000, 0x00000007c0000000)
  eden space 1678848K, 100% used [0x0000000718b80000,0x000000077f300000,0x000000077f300000)
  from space 10752K, 5% used [0x000000077fe80000,0x000000077ff19420,0x0000000780900000)
  to   space 11264K, 5% used [0x000000077f300000,0x000000077f392760,0x000000077fe00000)
 ParOldGen       total 1372160K, used 1168241K [0x00000005ca200000, 0x0000000663480000, 0x0000000718b80000)
  object space 1372160K, 85% used [0x00000005ca200000,0x00000006116dc468,0x000000061de00000)
 Metaspace       used 32158K, capacity 32632K, committed 33024K, reserved 1079296K
  class space    used 3620K, capacity 3744K, committed 3840K, reserved 1048576K
GC Heap History (10 events):
Event: 5.101 GC heap after
Heap after GC invocations=27 (full 1):
 PSYoungGen      total 1473024K, used 549K [0x0000000718b80000, 0x0000000773a00000, 0x00000007c0000000)
  eden space 1460736K, 0% used [0x0000000718b80000,0x0000000718b80000,0x0000000771e00000)
  from space 12288K, 4% used [0x0000000772e00000,0x0000000772e89588,0x0000000773a00000)
  to   space 14336K, 0% used [0x0000000771e00000,0x0000000771e00000,0x0000000772c00000)
 ParOldGen       total 235008K, used 31056K [0x00000005ca200000, 0x00000005d8780000, 0x0000000718b80000)
  object space 235008K, 13% used [0x00000005ca200000,0x00000005cc0543a8,0x00000005d8780000)
 Metaspace       used 31965K, capacity 32428K, committed 32768K, reserved 1079296K
  class space    used 3619K, capacity 3742K, committed 3840K, reserved 1048576K
}
Event: 5.262 GC heap before
{Heap before GC invocations=28 (full 1):
 PSYoungGen      total 1473024K, used 1461285K [0x0000000718b80000, 0x0000000773a00000, 0x00000007c0000000)
  eden space 1460736K, 100% used [0x0000000718b80000,0x0000000771e00000,0x0000000771e00000)
  from space 12288K, 4% used [0x0000000772e00000,0x0000000772e89588,0x0000000773a00000)
  to   space 14336K, 0% used [0x0000000771e00000,0x0000000771e00000,0x0000000772c00000)
 ParOldGen       total 235008K, used 31056K [0x00000005ca200000, 0x00000005d8780000, 0x0000000718b80000)
  object space 235008K, 13% used [0x00000005ca200000,0x00000005cc0543a8,0x00000005d8780000)
 Metaspace       used 31995K, capacity 32492K, committed 32768K, reserved 1079296K
  class space    used 3619K, capacity 3742K, committed 3840K, reserved 1048576K
Event: 5.263 GC heap after
Heap after GC invocations=28 (full 1):
 PSYoungGen      total 1475072K, used 532K [0x0000000718b80000, 0x0000000779f00000, 0x00000007c0000000)
  eden space 1460736K, 0% used [0x0000000718b80000,0x0000000718b80000,0x0000000771e00000)
  from space 14336K, 3% used [0x0000000771e00000,0x0000000771e85238,0x0000000772c00000)
  to   space 13824K, 0% used [0x0000000779180000,0x0000000779180000,0x0000000779f00000)
 ParOldGen       total 235008K, used 31104K [0x00000005ca200000, 0x00000005d8780000, 0x0000000718b80000)
  object space 235008K, 13% used [0x00000005ca200000,0x00000005cc0603a8,0x00000005d8780000)
 Metaspace       used 31995K, capacity 32492K, committed 32768K, reserved 1079296K
  class space    used 3619K, capacity 3742K, committed 3840K, reserved 1048576K
}
Event: 5.404 GC heap before
{Heap before GC invocations=29 (full 1):
 PSYoungGen      total 1475072K, used 1461268K [0x0000000718b80000, 0x0000000779f00000, 0x00000007c0000000)
  eden space 1460736K, 100% used [0x0000000718b80000,0x0000000771e00000,0x0000000771e00000)
  from space 14336K, 3% used [0x0000000771e00000,0x0000000771e85238,0x0000000772c00000)
  to   space 13824K, 0% used [0x0000000779180000,0x0000000779180000,0x0000000779f00000)
 ParOldGen       total 235008K, used 31104K [0x00000005ca200000, 0x00000005d8780000, 0x0000000718b80000)
  object space 235008K, 13% used [0x00000005ca200000,0x00000005cc0603a8,0x00000005d8780000)
 Metaspace       used 32057K, capacity 32504K, committed 32768K, reserved 1079296K
  class space    used 3620K, capacity 3744K, committed 3840K, reserved 1048576K
Event: 5.405 GC heap after
Heap after GC invocations=29 (full 1):
 PSYoungGen      total 1580032K, used 585K [0x0000000718b80000, 0x000000077a080000, 0x00000007c0000000)
  eden space 1566208K, 0% used [0x0000000718b80000,0x0000000718b80000,0x0000000778500000)
  from space 13824K, 4% used [0x0000000779180000,0x00000007792127f8,0x0000000779f00000)
  to   space 12800K, 0% used [0x0000000778500000,0x0000000778500000,0x0000000779180000)
 ParOldGen       total 235008K, used 31144K [0x00000005ca200000, 0x00000005d8780000, 0x0000000718b80000)
  object space 235008K, 13% used [0x00000005ca200000,0x00000005cc06a3a8,0x00000005d8780000)
 Metaspace       used 32057K, capacity 32504K, committed 32768K, reserved 1079296K
  class space    used 3620K, capacity 3744K, committed 3840K, reserved 1048576K
}
Event: 5.580 GC heap before
{Heap before GC invocations=30 (full 1):
 PSYoungGen      total 1580032K, used 1566793K [0x0000000718b80000, 0x000000077a080000, 0x00000007c0000000)
  eden space 1566208K, 100% used [0x0000000718b80000,0x0000000778500000,0x0000000778500000)
  from space 13824K, 4% used [0x0000000779180000,0x00000007792127f8,0x0000000779f00000)
  to   space 12800K, 0% used [0x0000000778500000,0x0000000778500000,0x0000000779180000)
 ParOldGen       total 235008K, used 31144K [0x00000005ca200000, 0x00000005d8780000, 0x0000000718b80000)
  object space 235008K, 13% used [0x00000005ca200000,0x00000005cc06a3a8,0x00000005d8780000)
 Metaspace       used 32095K, capacity 32568K, committed 32768K, reserved 1079296K
  class space    used 3620K, capacity 3744K, committed 3840K, reserved 1048576K
Event: 5.582 GC heap after
Heap after GC invocations=30 (full 1):
 PSYoungGen      total 1579008K, used 519K [0x0000000718b80000, 0x0000000780a80000, 0x00000007c0000000)
  eden space 1566208K, 0% used [0x0000000718b80000,0x0000000718b80000,0x0000000778500000)
  from space 12800K, 4% used [0x0000000778500000,0x0000000778581f98,0x0000000779180000)
  to   space 12288K, 0% used [0x000000077fe80000,0x000000077fe80000,0x0000000780a80000)
 ParOldGen       total 235008K, used 31176K [0x00000005ca200000, 0x00000005d8780000, 0x0000000718b80000)
  object space 235008K, 13% used [0x00000005ca200000,0x00000005cc0723a8,0x00000005d8780000)
 Metaspace       used 32095K, capacity 32568K, committed 32768K, reserved 1079296K
  class space    used 3620K, capacity 3744K, committed 3840K, reserved 1048576K
}
Event: 5.736 GC heap before
{Heap before GC invocations=31 (full 1):
 PSYoungGen      total 1579008K, used 1566727K [0x0000000718b80000, 0x0000000780a80000, 0x00000007c0000000)
  eden space 1566208K, 100% used [0x0000000718b80000,0x0000000778500000,0x0000000778500000)
  from space 12800K, 4% used [0x0000000778500000,0x0000000778581f98,0x0000000779180000)
  to   space 12288K, 0% used [0x000000077fe80000,0x000000077fe80000,0x0000000780a80000)
 ParOldGen       total 235008K, used 31176K [0x00000005ca200000, 0x00000005d8780000, 0x0000000718b80000)
  object space 235008K, 13% used [0x00000005ca200000,0x00000005cc0723a8,0x00000005d8780000)
 Metaspace       used 32125K, capacity 32568K, committed 32768K, reserved 1079296K
  class space    used 3620K, capacity 3744K, committed 3840K, reserved 1048576K
Event: 5.737 GC heap after
Heap after GC invocations=31 (full 1):
 PSYoungGen      total 1689600K, used 613K [0x0000000718b80000, 0x0000000780900000, 0x00000007c0000000)
  eden space 1678848K, 0% used [0x0000000718b80000,0x0000000718b80000,0x000000077f300000)
  from space 10752K, 5% used [0x000000077fe80000,0x000000077ff19420,0x0000000780900000)
  to   space 11264K, 0% used [0x000000077f300000,0x000000077f300000,0x000000077fe00000)
 ParOldGen       total 235008K, used 31216K [0x00000005ca200000, 0x00000005d8780000, 0x0000000718b80000)
  object space 235008K, 13% used [0x00000005ca200000,0x00000005cc07c3a8,0x00000005d8780000)
 Metaspace       used 32125K, capacity 32568K, committed 32768K, reserved 1079296K
  class space    used 3620K, capacity 3744K, committed 3840K, reserved 1048576K
}
Event: 5.933 GC heap before
{Heap before GC invocations=32 (full 1):
 PSYoungGen      total 1689600K, used 1679461K [0x0000000718b80000, 0x0000000780900000, 0x00000007c0000000)
  eden space 1678848K, 100% used [0x0000000718b80000,0x000000077f300000,0x000000077f300000)
  from space 10752K, 5% used [0x000000077fe80000,0x000000077ff19420,0x0000000780900000)
  to   space 11264K, 0% used [0x000000077f300000,0x000000077f300000,0x000000077fe00000)
 ParOldGen       total 235008K, used 31216K [0x00000005ca200000, 0x00000005d8780000, 0x0000000718b80000)
  object space 235008K, 13% used [0x00000005ca200000,0x00000005cc07c3a8,0x00000005d8780000)
 Metaspace       used 32158K, capacity 32632K, committed 33024K, reserved 1079296K
  class space    used 3620K, capacity 3744K, committed 3840K, reserved 1048576K

