# JRE version: OpenJDK Runtime Environment (8.0_151-b12) (build 1.8.0_151-8u151-b12-1~deb9u1-b12)
# Java VM: OpenJDK 64-Bit Server VM (25.151-b12 mixed mode linux-amd64 compressed oops)
Heap:
 PSYoungGen      total 1132544K, used 669220K [0x0000000718b80000, 0x000000075f980000, 0x00000007c0000000)
  eden space 1118208K, 59% used [0x0000000718b80000,0x00000007418671b8,0x000000075cf80000)
  from space 14336K, 4% used [0x000000075eb80000,0x000000075ec22108,0x000000075f980000)
  to   space 21504K, 0% used [0x000000075cf80000,0x000000075cf80000,0x000000075e480000)
 ParOldGen       total 238592K, used 30962K [0x00000005ca200000, 0x00000005d8b00000, 0x0000000718b80000)
  object space 238592K, 12% used [0x00000005ca200000,0x00000005cc03ca68,0x00000005d8b00000)
 Metaspace       used 31822K, capacity 32262K, committed 32512K, reserved 1077248K
  class space    used 3624K, capacity 3773K, committed 3840K, reserved 1048576K
GC Heap History (10 events):
Event: 4.136 GC heap before
{Heap before GC invocations=19 (full 1):
 PSYoungGen      total 868352K, used 843344K [0x0000000718b80000, 0x0000000755000000, 0x00000007c0000000)
  eden space 842752K, 100% used [0x0000000718b80000,0x000000074c280000,0x000000074c280000)
  from space 25600K, 2% used [0x000000074c280000,0x000000074c314350,0x000000074db80000)
  to   space 25088K, 0% used [0x0000000753780000,0x0000000753780000,0x0000000755000000)
 ParOldGen       total 238592K, used 30762K [0x00000005ca200000, 0x00000005d8b00000, 0x0000000718b80000)
  object space 238592K, 12% used [0x00000005ca200000,0x00000005cc00aa68,0x00000005d8b00000)
 Metaspace       used 31767K, capacity 32262K, committed 32512K, reserved 1077248K
  class space    used 3623K, capacity 3773K, committed 3840K, reserved 1048576K
Event: 4.137 GC heap after
Heap after GC invocations=19 (full 1):
 PSYoungGen      total 954368K, used 547K [0x0000000718b80000, 0x0000000754b80000, 0x00000007c0000000)
  eden space 933888K, 0% used [0x0000000718b80000,0x0000000718b80000,0x0000000751b80000)
  from space 20480K, 2% used [0x0000000753780000,0x0000000753808e00,0x0000000754b80000)
  to   space 24576K, 0% used [0x0000000751b80000,0x0000000751b80000,0x0000000753380000)
 ParOldGen       total 238592K, used 30770K [0x00000005ca200000, 0x00000005d8b00000, 0x0000000718b80000)
  object space 238592K, 12% used [0x00000005ca200000,0x00000005cc00ca68,0x00000005d8b00000)
 Metaspace       used 31767K, capacity 32262K, committed 32512K, reserved 1077248K
  class space    used 3623K, capacity 3773K, committed 3840K, reserved 1048576K
}
Event: 4.304 GC heap before
{Heap before GC invocations=20 (full 1):
 PSYoungGen      total 954368K, used 934435K [0x0000000718b80000, 0x0000000754b80000, 0x00000007c0000000)
  eden space 933888K, 100% used [0x0000000718b80000,0x0000000751b80000,0x0000000751b80000)
  from space 20480K, 2% used [0x0000000753780000,0x0000000753808e00,0x0000000754b80000)
  to   space 24576K, 0% used [0x0000000751b80000,0x0000000751b80000,0x0000000753380000)
 ParOldGen       total 238592K, used 30770K [0x00000005ca200000, 0x00000005d8b00000, 0x0000000718b80000)
  object space 238592K, 12% used [0x00000005ca200000,0x00000005cc00ca68,0x00000005d8b00000)
 Metaspace       used 31768K, capacity 32262K, committed 32512K, reserved 1077248K
  class space    used 3623K, capacity 3773K, committed 3840K, reserved 1048576K
Event: 4.305 GC heap after
Heap after GC invocations=20 (full 1):
 PSYoungGen      total 958464K, used 576K [0x0000000718b80000, 0x000000075a700000, 0x00000007c0000000)
  eden space 933888K, 0% used [0x0000000718b80000,0x0000000718b80000,0x0000000751b80000)
  from space 24576K, 2% used [0x0000000751b80000,0x0000000751c10290,0x0000000753380000)
  to   space 24064K, 0% used [0x0000000758f80000,0x0000000758f80000,0x000000075a700000)
 ParOldGen       total 238592K, used 30834K [0x00000005ca200000, 0x00000005d8b00000, 0x0000000718b80000)
  object space 238592K, 12% used [0x00000005ca200000,0x00000005cc01ca68,0x00000005d8b00000)
 Metaspace       used 31768K, capacity 32262K, committed 32512K, reserved 1077248K
  class space    used 3623K, capacity 3773K, committed 3840K, reserved 1048576K
}
Event: 4.450 GC heap before
{Heap before GC invocations=21 (full 1):
 PSYoungGen      total 958464K, used 934464K [0x0000000718b80000, 0x000000075a700000, 0x00000007c0000000)
  eden space 933888K, 100% used [0x0000000718b80000,0x0000000751b80000,0x0000000751b80000)
  from space 24576K, 2% used [0x0000000751b80000,0x0000000751c10290,0x0000000753380000)
  to   space 24064K, 0% used [0x0000000758f80000,0x0000000758f80000,0x000000075a700000)
 ParOldGen       total 238592K, used 30834K [0x00000005ca200000, 0x00000005d8b00000, 0x0000000718b80000)
  object space 238592K, 12% used [0x00000005ca200000,0x00000005cc01ca68,0x00000005d8b00000)
 Metaspace       used 31771K, capacity 32262K, committed 32512K, reserved 1077248K
  class space    used 3623K, capacity 3773K, committed 3840K, reserved 1048576K
Event: 4.451 GC heap after
Heap after GC invocations=21 (full 1):
 PSYoungGen      total 1047552K, used 557K [0x0000000718b80000, 0x000000075a380000, 0x00000007c0000000)
  eden space 1027072K, 0% used [0x0000000718b80000,0x0000000718b80000,0x0000000757680000)
  from space 20480K, 2% used [0x0000000758f80000,0x000000075900b558,0x000000075a380000)
  to   space 23040K, 0% used [0x0000000757680000,0x0000000757680000,0x0000000758d00000)
 ParOldGen       total 238592K, used 30874K [0x00000005ca200000, 0x00000005d8b00000, 0x0000000718b80000)
  object space 238592K, 12% used [0x00000005ca200000,0x00000005cc026a68,0x00000005d8b00000)
 Metaspace       used 31771K, capacity 32262K, committed 32512K, reserved 1077248K
  class space    used 3623K, capacity 3773K, committed 3840K, reserved 1048576K
}
Event: 4.622 GC heap before
{Heap before GC invocations=22 (full 1):
 PSYoungGen      total 1047552K, used 1027629K [0x0000000718b80000, 0x000000075a380000, 0x00000007c0000000)
  eden space 1027072K, 100% used [0x0000000718b80000,0x0000000757680000,0x0000000757680000)
  from space 20480K, 2% used [0x0000000758f80000,0x000000075900b558,0x000000075a380000)
  to   space 23040K, 0% used [0x0000000757680000,0x0000000757680000,0x0000000758d00000)
 ParOldGen       total 238592K, used 30874K [0x00000005ca200000, 0x00000005d8b00000, 0x0000000718b80000)
  object space 238592K, 12% used [0x00000005ca200000,0x00000005cc026a68,0x00000005d8b00000)
 Metaspace       used 31795K, capacity 32262K, committed 32512K, reserved 1077248K
  class space    used 3623K, capacity 3773K, committed 3840K, reserved 1048576K
Event: 4.623 GC heap after
Heap after GC invocations=22 (full 1):
 PSYoungGen      total 1050112K, used 543K [0x0000000718b80000, 0x0000000760180000, 0x00000007c0000000)
  eden space 1027072K, 0% used [0x0000000718b80000,0x0000000718b80000,0x0000000757680000)
  from space 23040K, 2% used [0x0000000757680000,0x0000000757707da8,0x0000000758d00000)
  to   space 22528K, 0% used [0x000000075eb80000,0x000000075eb80000,0x0000000760180000)
 ParOldGen       total 238592K, used 30906K [0x00000005ca200000, 0x00000005d8b00000, 0x0000000718b80000)
  object space 238592K, 12% used [0x00000005ca200000,0x00000005cc02ea68,0x00000005d8b00000)
 Metaspace       used 31795K, capacity 32262K, committed 32512K, reserved 1077248K
  class space    used 3623K, capacity 3773K, committed 3840K, reserved 1048576K
}
Event: 4.791 GC heap before
{Heap before GC invocations=23 (full 1):
 PSYoungGen      total 1050112K, used 1027615K [0x0000000718b80000, 0x0000000760180000, 0x00000007c0000000)
  eden space 1027072K, 100% used [0x0000000718b80000,0x0000000757680000,0x0000000757680000)
  from space 23040K, 2% used [0x0000000757680000,0x0000000757707da8,0x0000000758d00000)
  to   space 22528K, 0% used [0x000000075eb80000,0x000000075eb80000,0x0000000760180000)
 ParOldGen       total 238592K, used 30906K [0x00000005ca200000, 0x00000005d8b00000, 0x0000000718b80000)
  object space 238592K, 12% used [0x00000005ca200000,0x00000005cc02ea68,0x00000005d8b00000)
 Metaspace       used 31819K, capacity 32262K, committed 32512K, reserved 1077248K
  class space    used 3624K, capacity 3773K, committed 3840K, reserved 1048576K
Event: 4.792 GC heap after
Heap after GC invocations=23 (full 1):
 PSYoungGen      total 1132544K, used 648K [0x0000000718b80000, 0x000000075f980000, 0x00000007c0000000)
  eden space 1118208K, 0% used [0x0000000718b80000,0x0000000718b80000,0x000000075cf80000)
  from space 14336K, 4% used [0x000000075eb80000,0x000000075ec22108,0x000000075f980000)
  to   space 21504K, 0% used [0x000000075cf80000,0x000000075cf80000,0x000000075e480000)
 ParOldGen       total 238592K, used 30962K [0x00000005ca200000, 0x00000005d8b00000, 0x0000000718b80000)
  object space 238592K, 12% used [0x00000005ca200000,0x00000005cc03ca68,0x00000005d8b00000)
 Metaspace       used 31819K, capacity 32262K, committed 32512K, reserved 1077248K
  class space    used 3624K, capacity 3773K, committed 3840K, reserved 1048576K
}

