# JRE version: OpenJDK Runtime Environment (8.0_151-b12) (build 1.8.0_151-8u151-b12-1~deb9u1-b12)
# Java VM: OpenJDK 64-Bit Server VM (25.151-b12 mixed mode linux-amd64 compressed oops)
Heap:
 PSYoungGen      total 161792K, used 152322K [0x0000000718b80000, 0x0000000724080000, 0x00000007c0000000)
  eden space 143360K, 100% used [0x0000000718b80000,0x0000000721780000,0x0000000721780000)
  from space 18432K, 48% used [0x0000000722e80000,0x0000000723740aa0,0x0000000724080000)
  to   space 20992K, 42% used [0x0000000721780000,0x0000000722034fa8,0x0000000722c00000)
 ParOldGen       total 238592K, used 14629K [0x00000005ca200000, 0x00000005d8b00000, 0x0000000718b80000)
  object space 238592K, 6% used [0x00000005ca200000,0x00000005cb049590,0x00000005d8b00000)
 Metaspace       used 31730K, capacity 32096K, committed 32384K, reserved 1077248K
  class space    used 3608K, capacity 3706K, committed 3712K, reserved 1048576K
GC Heap History (10 events):
Event: 0.808 GC heap after
Heap after GC invocations=1 (full 0):
 PSYoungGen      total 150016K, used 15289K [0x0000000718b80000, 0x0000000723280000, 0x00000007c0000000)
  eden space 129024K, 0% used [0x0000000718b80000,0x0000000718b80000,0x0000000720980000)
  from space 20992K, 72% used [0x0000000720980000,0x000000072186e6e8,0x0000000721e00000)
  to   space 20992K, 0% used [0x0000000721e00000,0x0000000721e00000,0x0000000723280000)
 ParOldGen       total 343040K, used 16K [0x00000005ca200000, 0x00000005df100000, 0x0000000718b80000)
  object space 343040K, 0% used [0x00000005ca200000,0x00000005ca204000,0x00000005df100000)
 Metaspace       used 20885K, capacity 21110K, committed 21248K, reserved 1069056K
  class space    used 2374K, capacity 2476K, committed 2560K, reserved 1048576K
}
Event: 0.808 GC heap before
{Heap before GC invocations=2 (full 1):
 PSYoungGen      total 150016K, used 15289K [0x0000000718b80000, 0x0000000723280000, 0x00000007c0000000)
  eden space 129024K, 0% used [0x0000000718b80000,0x0000000718b80000,0x0000000720980000)
  from space 20992K, 72% used [0x0000000720980000,0x000000072186e6e8,0x0000000721e00000)
  to   space 20992K, 0% used [0x0000000721e00000,0x0000000721e00000,0x0000000723280000)
 ParOldGen       total 343040K, used 16K [0x00000005ca200000, 0x00000005df100000, 0x0000000718b80000)
  object space 343040K, 0% used [0x00000005ca200000,0x00000005ca204000,0x00000005df100000)
 Metaspace       used 20885K, capacity 21110K, committed 21248K, reserved 1069056K
  class space    used 2374K, capacity 2476K, committed 2560K, reserved 1048576K
Event: 0.830 GC heap after
Heap after GC invocations=2 (full 1):
 PSYoungGen      total 150016K, used 0K [0x0000000718b80000, 0x0000000723280000, 0x00000007c0000000)
  eden space 129024K, 0% used [0x0000000718b80000,0x0000000718b80000,0x0000000720980000)
  from space 20992K, 0% used [0x0000000720980000,0x0000000720980000,0x0000000721e00000)
  to   space 20992K, 0% used [0x0000000721e00000,0x0000000721e00000,0x0000000723280000)
 ParOldGen       total 238592K, used 14597K [0x00000005ca200000, 0x00000005d8b00000, 0x0000000718b80000)
  object space 238592K, 6% used [0x00000005ca200000,0x00000005cb041590,0x00000005d8b00000)
 Metaspace       used 20885K, capacity 21110K, committed 21248K, reserved 1069056K
  class space    used 2374K, capacity 2476K, committed 2560K, reserved 1048576K
}
Event: 7.735 GC heap before
{Heap before GC invocations=3 (full 1):
 PSYoungGen      total 150016K, used 129024K [0x0000000718b80000, 0x0000000723280000, 0x00000007c0000000)
  eden space 129024K, 100% used [0x0000000718b80000,0x0000000720980000,0x0000000720980000)
  from space 20992K, 0% used [0x0000000720980000,0x0000000720980000,0x0000000721e00000)
  to   space 20992K, 0% used [0x0000000721e00000,0x0000000721e00000,0x0000000723280000)
 ParOldGen       total 238592K, used 14597K [0x00000005ca200000, 0x00000005d8b00000, 0x0000000718b80000)
  object space 238592K, 6% used [0x00000005ca200000,0x00000005cb041590,0x00000005d8b00000)
 Metaspace       used 31490K, capacity 31904K, committed 32128K, reserved 1077248K
  class space    used 3607K, capacity 3706K, committed 3712K, reserved 1048576K
Event: 7.740 GC heap after
Heap after GC invocations=3 (full 1):
 PSYoungGen      total 150016K, used 11722K [0x0000000718b80000, 0x0000000724780000, 0x00000007c0000000)
  eden space 129024K, 0% used [0x0000000718b80000,0x0000000718b80000,0x0000000720980000)
  from space 20992K, 55% used [0x0000000721e00000,0x0000000722972b70,0x0000000723280000)
  to   space 20992K, 0% used [0x0000000720980000,0x0000000720980000,0x0000000721e00000)
 ParOldGen       total 238592K, used 14605K [0x00000005ca200000, 0x00000005d8b00000, 0x0000000718b80000)
  object space 238592K, 6% used [0x00000005ca200000,0x00000005cb043590,0x00000005d8b00000)
 Metaspace       used 31490K, capacity 31904K, committed 32128K, reserved 1077248K
  class space    used 3607K, capacity 3706K, committed 3712K, reserved 1048576K
}
Event: 10.741 GC heap before
{Heap before GC invocations=4 (full 1):
 PSYoungGen      total 150016K, used 140746K [0x0000000718b80000, 0x0000000724780000, 0x00000007c0000000)
  eden space 129024K, 100% used [0x0000000718b80000,0x0000000720980000,0x0000000720980000)
  from space 20992K, 55% used [0x0000000721e00000,0x0000000722972b70,0x0000000723280000)
  to   space 20992K, 0% used [0x0000000720980000,0x0000000720980000,0x0000000721e00000)
 ParOldGen       total 238592K, used 14605K [0x00000005ca200000, 0x00000005d8b00000, 0x0000000718b80000)
  object space 238592K, 6% used [0x00000005ca200000,0x00000005cb043590,0x00000005d8b00000)
 Metaspace       used 31589K, capacity 32032K, committed 32384K, reserved 1077248K
  class space    used 3607K, capacity 3706K, committed 3712K, reserved 1048576K
Event: 10.746 GC heap after
Heap after GC invocations=4 (full 1):
 PSYoungGen      total 150016K, used 8837K [0x0000000718b80000, 0x0000000724300000, 0x00000007c0000000)
  eden space 129024K, 0% used [0x0000000718b80000,0x0000000718b80000,0x0000000720980000)
  from space 20992K, 42% used [0x0000000720980000,0x0000000721221708,0x0000000721e00000)
  to   space 20992K, 0% used [0x0000000722e80000,0x0000000722e80000,0x0000000724300000)
 ParOldGen       total 238592K, used 14613K [0x00000005ca200000, 0x00000005d8b00000, 0x0000000718b80000)
  object space 238592K, 6% used [0x00000005ca200000,0x00000005cb045590,0x00000005d8b00000)
 Metaspace       used 31589K, capacity 32032K, committed 32384K, reserved 1077248K
  class space    used 3607K, capacity 3706K, committed 3712K, reserved 1048576K
}
Event: 13.741 GC heap before
{Heap before GC invocations=5 (full 1):
 PSYoungGen      total 150016K, used 137861K [0x0000000718b80000, 0x0000000724300000, 0x00000007c0000000)
  eden space 129024K, 100% used [0x0000000718b80000,0x0000000720980000,0x0000000720980000)
  from space 20992K, 42% used [0x0000000720980000,0x0000000721221708,0x0000000721e00000)
  to   space 20992K, 0% used [0x0000000722e80000,0x0000000722e80000,0x0000000724300000)
 ParOldGen       total 238592K, used 14613K [0x00000005ca200000, 0x00000005d8b00000, 0x0000000718b80000)
  object space 238592K, 6% used [0x00000005ca200000,0x00000005cb045590,0x00000005d8b00000)
 Metaspace       used 31666K, capacity 32096K, committed 32384K, reserved 1077248K
  class space    used 3607K, capacity 3706K, committed 3712K, reserved 1048576K
Event: 13.744 GC heap after
Heap after GC invocations=5 (full 1):
 PSYoungGen      total 161792K, used 8962K [0x0000000718b80000, 0x0000000724080000, 0x00000007c0000000)
  eden space 143360K, 0% used [0x0000000718b80000,0x0000000718b80000,0x0000000721780000)
  from space 18432K, 48% used [0x0000000722e80000,0x0000000723740aa0,0x0000000724080000)
  to   space 20992K, 0% used [0x0000000721780000,0x0000000721780000,0x0000000722c00000)
 ParOldGen       total 238592K, used 14621K [0x00000005ca200000, 0x00000005d8b00000, 0x0000000718b80000)
  object space 238592K, 6% used [0x00000005ca200000,0x00000005cb047590,0x00000005d8b00000)
 Metaspace       used 31666K, capacity 32096K, committed 32384K, reserved 1077248K
  class space    used 3607K, capacity 3706K, committed 3712K, reserved 1048576K
}
Event: 16.736 GC heap before
{Heap before GC invocations=6 (full 1):
 PSYoungGen      total 161792K, used 152322K [0x0000000718b80000, 0x0000000724080000, 0x00000007c0000000)
  eden space 143360K, 100% used [0x0000000718b80000,0x0000000721780000,0x0000000721780000)
  from space 18432K, 48% used [0x0000000722e80000,0x0000000723740aa0,0x0000000724080000)
  to   space 20992K, 0% used [0x0000000721780000,0x0000000721780000,0x0000000722c00000)
 ParOldGen       total 238592K, used 14621K [0x00000005ca200000, 0x00000005d8b00000, 0x0000000718b80000)
  object space 238592K, 6% used [0x00000005ca200000,0x00000005cb047590,0x00000005d8b00000)
 Metaspace       used 31730K, capacity 32096K, committed 32384K, reserved 1077248K
  class space    used 3608K, capacity 3706K, committed 3712K, reserved 1048576K

