# JRE version: OpenJDK Runtime Environment (8.0_151-b12) (build 1.8.0_151-8u151-b12-1~deb9u1-b12)
# Java VM: OpenJDK 64-Bit Server VM (25.151-b12 mixed mode linux-amd64 compressed oops)
Heap:
 PSYoungGen      total 1640960K, used 1640512K [0x0000000718b80000, 0x00000007bfe80000, 0x00000007c0000000)
  eden space 1639936K, 100% used [0x0000000718b80000,0x000000077cd00000,0x000000077cd00000)
  from space 1024K, 56% used [0x00000007bfd80000,0x00000007bfe10110,0x00000007bfe80000)
  to   space 1024K, 59% used [0x00000007bfc80000,0x00000007bfd18110,0x00000007bfd80000)
 ParOldGen       total 233472K, used 69364K [0x00000005ca200000, 0x00000005d8600000, 0x0000000718b80000)
  object space 233472K, 29% used [0x00000005ca200000,0x00000005ce5bd398,0x00000005d8600000)
 Metaspace       used 33051K, capacity 33496K, committed 33792K, reserved 1079296K
  class space    used 3627K, capacity 3776K, committed 3840K, reserved 1048576K
GC Heap History (10 events):
Event: 191.315 GC heap after
Heap after GC invocations=993 (full 1):
 PSYoungGen      total 1968640K, used 539K [0x0000000718b80000, 0x00000007bff00000, 0x00000007c0000000)
  eden space 1967616K, 0% used [0x0000000718b80000,0x0000000718b80000,0x0000000790d00000)
  from space 1024K, 52% used [0x00000007bfe00000,0x00000007bfe86e78,0x00000007bff00000)
  to   space 1024K, 0% used [0x00000007bfd00000,0x00000007bfd00000,0x00000007bfe00000)
 ParOldGen       total 233472K, used 68860K [0x00000005ca200000, 0x00000005d8600000, 0x0000000718b80000)
  object space 233472K, 29% used [0x00000005ca200000,0x00000005ce53f398,0x00000005d8600000)
 Metaspace       used 33049K, capacity 33496K, committed 33792K, reserved 1079296K
  class space    used 3627K, capacity 3776K, committed 3840K, reserved 1048576K
}
Event: 191.487 GC heap before
{Heap before GC invocations=994 (full 1):
 PSYoungGen      total 1968640K, used 1968155K [0x0000000718b80000, 0x00000007bff00000, 0x00000007c0000000)
  eden space 1967616K, 100% used [0x0000000718b80000,0x0000000790d00000,0x0000000790d00000)
  from space 1024K, 52% used [0x00000007bfe00000,0x00000007bfe86e78,0x00000007bff00000)
  to   space 1024K, 0% used [0x00000007bfd00000,0x00000007bfd00000,0x00000007bfe00000)
 ParOldGen       total 233472K, used 68860K [0x00000005ca200000, 0x00000005d8600000, 0x0000000718b80000)
  object space 233472K, 29% used [0x00000005ca200000,0x00000005ce53f398,0x00000005d8600000)
 Metaspace       used 33049K, capacity 33496K, committed 33792K, reserved 1079296K
  class space    used 3627K, capacity 3776K, committed 3840K, reserved 1048576K
Event: 191.489 GC heap after
Heap after GC invocations=994 (full 1):
 PSYoungGen      total 1880576K, used 575K [0x0000000718b80000, 0x00000007bfe80000, 0x00000007c0000000)
  eden space 1879552K, 0% used [0x0000000718b80000,0x0000000718b80000,0x000000078b700000)
  from space 1024K, 56% used [0x00000007bfd00000,0x00000007bfd8fef8,0x00000007bfe00000)
  to   space 512K, 0% used [0x00000007bfe00000,0x00000007bfe00000,0x00000007bfe80000)
 ParOldGen       total 233472K, used 68860K [0x00000005ca200000, 0x00000005d8600000, 0x0000000718b80000)
  object space 233472K, 29% used [0x00000005ca200000,0x00000005ce53f398,0x00000005d8600000)
 Metaspace       used 33049K, capacity 33496K, committed 33792K, reserved 1079296K
  class space    used 3627K, capacity 3776K, committed 3840K, reserved 1048576K
}
Event: 191.647 GC heap before
{Heap before GC invocations=995 (full 1):
 PSYoungGen      total 1880576K, used 1880127K [0x0000000718b80000, 0x00000007bfe80000, 0x00000007c0000000)
  eden space 1879552K, 100% used [0x0000000718b80000,0x000000078b700000,0x000000078b700000)
  from space 1024K, 56% used [0x00000007bfd00000,0x00000007bfd8fef8,0x00000007bfe00000)
  to   space 512K, 0% used [0x00000007bfe00000,0x00000007bfe00000,0x00000007bfe80000)
 ParOldGen       total 233472K, used 68860K [0x00000005ca200000, 0x00000005d8600000, 0x0000000718b80000)
  object space 233472K, 29% used [0x00000005ca200000,0x00000005ce53f398,0x00000005d8600000)
 Metaspace       used 33049K, capacity 33496K, committed 33792K, reserved 1079296K
  class space    used 3627K, capacity 3776K, committed 3840K, reserved 1048576K
Event: 191.649 GC heap after
Heap after GC invocations=995 (full 1):
 PSYoungGen      total 1796096K, used 160K [0x0000000718b80000, 0x00000007bfe80000, 0x00000007c0000000)
  eden space 1795584K, 0% used [0x0000000718b80000,0x0000000718b80000,0x0000000786500000)
  from space 512K, 31% used [0x00000007bfe00000,0x00000007bfe28000,0x00000007bfe80000)
  to   space 1024K, 0% used [0x00000007bfc80000,0x00000007bfc80000,0x00000007bfd80000)
 ParOldGen       total 233472K, used 69276K [0x00000005ca200000, 0x00000005d8600000, 0x0000000718b80000)
  object space 233472K, 29% used [0x00000005ca200000,0x00000005ce5a7398,0x00000005d8600000)
 Metaspace       used 33049K, capacity 33496K, committed 33792K, reserved 1079296K
  class space    used 3627K, capacity 3776K, committed 3840K, reserved 1048576K
}
Event: 191.797 GC heap before
{Heap before GC invocations=996 (full 1):
 PSYoungGen      total 1796096K, used 1795744K [0x0000000718b80000, 0x00000007bfe80000, 0x00000007c0000000)
  eden space 1795584K, 100% used [0x0000000718b80000,0x0000000786500000,0x0000000786500000)
  from space 512K, 31% used [0x00000007bfe00000,0x00000007bfe28000,0x00000007bfe80000)
  to   space 1024K, 0% used [0x00000007bfc80000,0x00000007bfc80000,0x00000007bfd80000)
 ParOldGen       total 233472K, used 69276K [0x00000005ca200000, 0x00000005d8600000, 0x0000000718b80000)
  object space 233472K, 29% used [0x00000005ca200000,0x00000005ce5a7398,0x00000005d8600000)
 Metaspace       used 33049K, capacity 33496K, committed 33792K, reserved 1079296K
  class space    used 3627K, capacity 3776K, committed 3840K, reserved 1048576K
Event: 191.798 GC heap after
Heap after GC invocations=996 (full 1):
 PSYoungGen      total 1716736K, used 192K [0x0000000718b80000, 0x00000007bfe80000, 0x00000007c0000000)
  eden space 1715712K, 0% used [0x0000000718b80000,0x0000000718b80000,0x0000000781700000)
  from space 1024K, 18% used [0x00000007bfc80000,0x00000007bfcb0000,0x00000007bfd80000)
  to   space 1024K, 0% used [0x00000007bfd80000,0x00000007bfd80000,0x00000007bfe80000)
 ParOldGen       total 233472K, used 69316K [0x00000005ca200000, 0x00000005d8600000, 0x0000000718b80000)
  object space 233472K, 29% used [0x00000005ca200000,0x00000005ce5b1398,0x00000005d8600000)
 Metaspace       used 33049K, capacity 33496K, committed 33792K, reserved 1079296K
  class space    used 3627K, capacity 3776K, committed 3840K, reserved 1048576K
}
Event: 191.951 GC heap before
{Heap before GC invocations=997 (full 1):
 PSYoungGen      total 1716736K, used 1715904K [0x0000000718b80000, 0x00000007bfe80000, 0x00000007c0000000)
  eden space 1715712K, 100% used [0x0000000718b80000,0x0000000781700000,0x0000000781700000)
  from space 1024K, 18% used [0x00000007bfc80000,0x00000007bfcb0000,0x00000007bfd80000)
  to   space 1024K, 0% used [0x00000007bfd80000,0x00000007bfd80000,0x00000007bfe80000)
 ParOldGen       total 233472K, used 69316K [0x00000005ca200000, 0x00000005d8600000, 0x0000000718b80000)
  object space 233472K, 29% used [0x00000005ca200000,0x00000005ce5b1398,0x00000005d8600000)
 Metaspace       used 33051K, capacity 33496K, committed 33792K, reserved 1079296K
  class space    used 3627K, capacity 3776K, committed 3840K, reserved 1048576K
Event: 191.952 GC heap after
Heap after GC invocations=997 (full 1):
 PSYoungGen      total 1640960K, used 576K [0x0000000718b80000, 0x00000007bfe80000, 0x00000007c0000000)
  eden space 1639936K, 0% used [0x0000000718b80000,0x0000000718b80000,0x000000077cd00000)
  from space 1024K, 56% used [0x00000007bfd80000,0x00000007bfe10110,0x00000007bfe80000)
  to   space 1024K, 0% used [0x00000007bfc80000,0x00000007bfc80000,0x00000007bfd80000)
 ParOldGen       total 233472K, used 69348K [0x00000005ca200000, 0x00000005d8600000, 0x0000000718b80000)
  object space 233472K, 29% used [0x00000005ca200000,0x00000005ce5b9398,0x00000005d8600000)
 Metaspace       used 33051K, capacity 33496K, committed 33792K, reserved 1079296K
  class space    used 3627K, capacity 3776K, committed 3840K, reserved 1048576K
}
Event: 192.084 GC heap before
{Heap before GC invocations=998 (full 1):
 PSYoungGen      total 1640960K, used 1640512K [0x0000000718b80000, 0x00000007bfe80000, 0x00000007c0000000)
  eden space 1639936K, 100% used [0x0000000718b80000,0x000000077cd00000,0x000000077cd00000)
  from space 1024K, 56% used [0x00000007bfd80000,0x00000007bfe10110,0x00000007bfe80000)
  to   space 1024K, 0% used [0x00000007bfc80000,0x00000007bfc80000,0x00000007bfd80000)
 ParOldGen       total 233472K, used 69348K [0x00000005ca200000, 0x00000005d8600000, 0x0000000718b80000)
  object space 233472K, 29% used [0x00000005ca200000,0x00000005ce5b9398,0x00000005d8600000)
 Metaspace       used 33051K, capacity 33496K, committed 33792K, reserved 1079296K
  class space    used 3627K, capacity 3776K, committed 3840K, reserved 1048576K

