# JRE version: OpenJDK Runtime Environment (8.0_151-b12) (build 1.8.0_151-8u151-b12-1~deb9u1-b12)
# Java VM: OpenJDK 64-Bit Server VM (25.151-b12 mixed mode linux-amd64 compressed oops)
Heap:
 PSYoungGen      total 2739712K, used 494613K [0x0000000718b80000, 0x00000007c0000000, 0x00000007c0000000)
  eden space 2738688K, 18% used [0x0000000718b80000,0x0000000736dfd078,0x00000007bfe00000)
  from space 1024K, 53% used [0x00000007bfe00000,0x00000007bfe88480,0x00000007bff00000)
  to   space 1024K, 0% used [0x00000007bff00000,0x00000007bff00000,0x00000007c0000000)
 ParOldGen       total 237056K, used 50410K [0x00000005ca200000, 0x00000005d8980000, 0x0000000718b80000)
  object space 237056K, 21% used [0x00000005ca200000,0x00000005cd33abb0,0x00000005d8980000)
 Metaspace       used 34072K, capacity 34770K, committed 34944K, reserved 1081344K
  class space    used 3717K, capacity 3863K, committed 3968K, reserved 1048576K
GC Heap History (10 events):
Event: 159.637 GC heap before
{Heap before GC invocations=754 (full 1):
 PSYoungGen      total 2348032K, used 2347840K [0x0000000718b80000, 0x00000007bdd80000, 0x00000007c0000000)
  eden space 2347520K, 100% used [0x0000000718b80000,0x00000007a8000000,0x00000007a8000000)
  from space 512K, 62% used [0x00000007bdd00000,0x00000007bdd50000,0x00000007bdd80000)
  to   space 1024K, 0% used [0x00000007bdb80000,0x00000007bdb80000,0x00000007bdc80000)
 ParOldGen       total 237056K, used 50322K [0x00000005ca200000, 0x00000005d8980000, 0x0000000718b80000)
  object space 237056K, 21% used [0x00000005ca200000,0x00000005cd324bb0,0x00000005d8980000)
 Metaspace       used 34015K, capacity 34734K, committed 34944K, reserved 1081344K
  class space    used 3710K, capacity 3857K, committed 3968K, reserved 1048576K
Event: 159.640 GC heap after
Heap after GC invocations=754 (full 1):
 PSYoungGen      total 2520064K, used 451K [0x0000000718b80000, 0x00000007bdd80000, 0x00000007c0000000)
  eden space 2519040K, 0% used [0x0000000718b80000,0x0000000718b80000,0x00000007b2780000)
  from space 1024K, 44% used [0x00000007bdb80000,0x00000007bdbf0ed8,0x00000007bdc80000)
  to   space 1024K, 0% used [0x00000007bdc80000,0x00000007bdc80000,0x00000007bdd80000)
 ParOldGen       total 237056K, used 50338K [0x00000005ca200000, 0x00000005d8980000, 0x0000000718b80000)
  object space 237056K, 21% used [0x00000005ca200000,0x00000005cd328bb0,0x00000005d8980000)
 Metaspace       used 34015K, capacity 34734K, committed 34944K, reserved 1081344K
  class space    used 3710K, capacity 3857K, committed 3968K, reserved 1048576K
}
Event: 159.984 GC heap before
{Heap before GC invocations=755 (full 1):
 PSYoungGen      total 2520064K, used 2519491K [0x0000000718b80000, 0x00000007bdd80000, 0x00000007c0000000)
  eden space 2519040K, 100% used [0x0000000718b80000,0x00000007b2780000,0x00000007b2780000)
  from space 1024K, 44% used [0x00000007bdb80000,0x00000007bdbf0ed8,0x00000007bdc80000)
  to   space 1024K, 0% used [0x00000007bdc80000,0x00000007bdc80000,0x00000007bdd80000)
 ParOldGen       total 237056K, used 50338K [0x00000005ca200000, 0x00000005d8980000, 0x0000000718b80000)
  object space 237056K, 21% used [0x00000005ca200000,0x00000005cd328bb0,0x00000005d8980000)
 Metaspace       used 34015K, capacity 34734K, committed 34944K, reserved 1081344K
  class space    used 3710K, capacity 3857K, committed 3968K, reserved 1048576K
Event: 159.987 GC heap after
Heap after GC invocations=755 (full 1):
 PSYoungGen      total 2699264K, used 452K [0x0000000718b80000, 0x00000007bdd00000, 0x00000007c0000000)
  eden space 2698752K, 0% used [0x0000000718b80000,0x0000000718b80000,0x00000007bd700000)
  from space 512K, 88% used [0x00000007bdc80000,0x00000007bdcf1088,0x00000007bdd00000)
  to   space 1024K, 0% used [0x00000007bdb00000,0x00000007bdb00000,0x00000007bdc00000)
 ParOldGen       total 237056K, used 50354K [0x00000005ca200000, 0x00000005d8980000, 0x0000000718b80000)
  object space 237056K, 21% used [0x00000005ca200000,0x00000005cd32cbb0,0x00000005d8980000)
 Metaspace       used 34015K, capacity 34734K, committed 34944K, reserved 1081344K
  class space    used 3710K, capacity 3857K, committed 3968K, reserved 1048576K
}
Event: 160.361 GC heap before
{Heap before GC invocations=756 (full 1):
 PSYoungGen      total 2699264K, used 2699204K [0x0000000718b80000, 0x00000007bdd00000, 0x00000007c0000000)
  eden space 2698752K, 100% used [0x0000000718b80000,0x00000007bd700000,0x00000007bd700000)
  from space 512K, 88% used [0x00000007bdc80000,0x00000007bdcf1088,0x00000007bdd00000)
  to   space 1024K, 0% used [0x00000007bdb00000,0x00000007bdb00000,0x00000007bdc00000)
 ParOldGen       total 237056K, used 50354K [0x00000005ca200000, 0x00000005d8980000, 0x0000000718b80000)
  object space 237056K, 21% used [0x00000005ca200000,0x00000005cd32cbb0,0x00000005d8980000)
 Metaspace       used 34015K, capacity 34734K, committed 34944K, reserved 1081344K
  class space    used 3710K, capacity 3857K, committed 3968K, reserved 1048576K
Event: 160.362 GC heap after
Heap after GC invocations=756 (full 1):
 PSYoungGen      total 2703872K, used 516K [0x0000000718b80000, 0x00000007c0000000, 0x00000007c0000000)
  eden space 2702848K, 0% used [0x0000000718b80000,0x0000000718b80000,0x00000007bdb00000)
  from space 1024K, 50% used [0x00000007bdb00000,0x00000007bdb81160,0x00000007bdc00000)
  to   space 1024K, 0% used [0x00000007bff00000,0x00000007bff00000,0x00000007c0000000)
 ParOldGen       total 237056K, used 50386K [0x00000005ca200000, 0x00000005d8980000, 0x0000000718b80000)
  object space 237056K, 21% used [0x00000005ca200000,0x00000005cd334bb0,0x00000005d8980000)
 Metaspace       used 34015K, capacity 34734K, committed 34944K, reserved 1081344K
  class space    used 3710K, capacity 3857K, committed 3968K, reserved 1048576K
}
Event: 160.687 GC heap before
{Heap before GC invocations=757 (full 1):
 PSYoungGen      total 2703872K, used 2703364K [0x0000000718b80000, 0x00000007c0000000, 0x00000007c0000000)
  eden space 2702848K, 100% used [0x0000000718b80000,0x00000007bdb00000,0x00000007bdb00000)
  from space 1024K, 50% used [0x00000007bdb00000,0x00000007bdb81160,0x00000007bdc00000)
  to   space 1024K, 0% used [0x00000007bff00000,0x00000007bff00000,0x00000007c0000000)
 ParOldGen       total 237056K, used 50386K [0x00000005ca200000, 0x00000005d8980000, 0x0000000718b80000)
  object space 237056K, 21% used [0x00000005ca200000,0x00000005cd334bb0,0x00000005d8980000)
 Metaspace       used 34018K, capacity 34734K, committed 34944K, reserved 1081344K
  class space    used 3710K, capacity 3857K, committed 3968K, reserved 1048576K
Event: 160.693 GC heap after
Heap after GC invocations=757 (full 1):
 PSYoungGen      total 2739712K, used 452K [0x0000000718b80000, 0x00000007c0000000, 0x00000007c0000000)
  eden space 2738688K, 0% used [0x0000000718b80000,0x0000000718b80000,0x00000007bfe00000)
  from space 1024K, 44% used [0x00000007bff00000,0x00000007bff71318,0x00000007c0000000)
  to   space 1024K, 0% used [0x00000007bfe00000,0x00000007bfe00000,0x00000007bff00000)
 ParOldGen       total 237056K, used 50394K [0x00000005ca200000, 0x00000005d8980000, 0x0000000718b80000)
  object space 237056K, 21% used [0x00000005ca200000,0x00000005cd336bb0,0x00000005d8980000)
 Metaspace       used 34018K, capacity 34734K, committed 34944K, reserved 1081344K
  class space    used 3710K, capacity 3857K, committed 3968K, reserved 1048576K
}
Event: 161.042 GC heap before
{Heap before GC invocations=758 (full 1):
 PSYoungGen      total 2739712K, used 2739140K [0x0000000718b80000, 0x00000007c0000000, 0x00000007c0000000)
  eden space 2738688K, 100% used [0x0000000718b80000,0x00000007bfe00000,0x00000007bfe00000)
  from space 1024K, 44% used [0x00000007bff00000,0x00000007bff71318,0x00000007c0000000)
  to   space 1024K, 0% used [0x00000007bfe00000,0x00000007bfe00000,0x00000007bff00000)
 ParOldGen       total 237056K, used 50394K [0x00000005ca200000, 0x00000005d8980000, 0x0000000718b80000)
  object space 237056K, 21% used [0x00000005ca200000,0x00000005cd336bb0,0x00000005d8980000)
 Metaspace       used 34018K, capacity 34734K, committed 34944K, reserved 1081344K
  class space    used 3710K, capacity 3857K, committed 3968K, reserved 1048576K
Event: 161.047 GC heap after
Heap after GC invocations=758 (full 1):
 PSYoungGen      total 2739712K, used 545K [0x0000000718b80000, 0x00000007c0000000, 0x00000007c0000000)
  eden space 2738688K, 0% used [0x0000000718b80000,0x0000000718b80000,0x00000007bfe00000)
  from space 1024K, 53% used [0x00000007bfe00000,0x00000007bfe88480,0x00000007bff00000)
  to   space 1024K, 0% used [0x00000007bff00000,0x00000007bff00000,0x00000007c0000000)
 ParOldGen       total 237056K, used 50410K [0x00000005ca200000, 0x00000005d8980000, 0x0000000718b80000)
  object space 237056K, 21% used [0x00000005ca200000,0x00000005cd33abb0,0x00000005d8980000)
 Metaspace       used 34018K, capacity 34734K, committed 34944K, reserved 1081344K
  class space    used 3710K, capacity 3857K, committed 3968K, reserved 1048576K
}

